2020-05-30 09:07:23,461  INFO [main] LoginPage:65 - TestLogin Started ..................
2020-05-30 09:07:29,395  INFO [main] LoginPage:43 - User click on reject on DND prompt
2020-05-30 09:07:29,683  INFO [main] LoginPage:45 - Click on Heartfulness Meditation 
2020-05-30 09:07:32,517  INFO [main] LoginPage:47 - Click on Login button
2020-05-30 09:07:45,399  INFO [main] LoginPage:51 - User enters the email address :devsoftwareengg@gmail.com
2020-05-30 09:07:56,261  INFO [main] LoginPage:55 - User enters password
2020-05-30 09:07:58,094  INFO [main] LoginPage:58 - User enters Login button
2020-05-30 09:08:03,641  INFO [main] LoginPage:60 - User will see the loggedin name Hello, DEVESH
2020-05-30 09:08:03,642  INFO [main] LoginPage:69 - Test Completed ..................
2020-05-30 09:08:05,372  INFO [main] LoginPage:86 - Browser Terminated
2020-05-30 09:08:05,372  INFO [main] LoginPage:87 - -----------------------------------------------
2020-05-30 09:08:05,391 DEBUG [main] cache:45 - Couldn't find template in cache for "Extent.ftl"("en_IN", UTF-8, parsed); will try to load it.
2020-05-30 09:08:05,392 DEBUG [main] cache:45 - TemplateLoader.findTemplateSource("Extent_en_IN.ftl"): Not found
2020-05-30 09:08:05,393 DEBUG [main] cache:45 - TemplateLoader.findTemplateSource("Extent_en.ftl"): Not found
2020-05-30 09:08:05,394 DEBUG [main] cache:45 - TemplateLoader.findTemplateSource("Extent.ftl"): Found
2020-05-30 09:08:05,395 DEBUG [main] cache:45 - Loading template for "Extent.ftl"("en_IN", UTF-8, parsed) from "jar:file:/Users/deveshk/.m2/repository/com/relevantcodes/extentreports/2.41.2/extentreports-2.41.2.jar!/com/relevantcodes/extentreports/view/Extent.ftl"
2020-05-30 09:08:05,620 DEBUG [main] cache:45 - Couldn't find template in cache for "Extent.ftl"("en_IN", UTF-8, parsed); will try to load it.
2020-05-30 09:08:05,621 DEBUG [main] cache:45 - TemplateLoader.findTemplateSource("Extent_en_IN.ftl"): Not found
2020-05-30 09:08:05,621 DEBUG [main] cache:45 - TemplateLoader.findTemplateSource("Extent_en.ftl"): Not found
2020-05-30 09:08:05,622 DEBUG [main] cache:45 - TemplateLoader.findTemplateSource("Extent.ftl"): Found
2020-05-30 09:08:05,622 DEBUG [main] cache:45 - Loading template for "Extent.ftl"("en_IN", UTF-8, parsed) from "jar:file:/Users/deveshk/.m2/repository/com/relevantcodes/extentreports/2.41.2/extentreports-2.41.2.jar!/com/relevantcodes/extentreports/view/Extent.ftl"
